{"name": "test_login[13661741008-kR9ODkguRA]", "status": "broken", "statusDetails": {"message": "selenium.common.exceptions.TimeoutException: Message:", "trace": "self = <test_tpshop.TestTPshop object at 0x000002437E6822B0>, username = '13661741008', password = 'kR9ODkguRA'\n\n    @pytest.mark.parametrize('username, password', fake_data(3))\n    def test_login(self, username, password):\n        write_yml_to_file([[username, password]], 'generate')\n>       self.tpshop_page.click_login(username, password)\n\nscripts\\test_tpshop.py:20: \n_ _ _ _ _ _ _ _ _ _ _ _ _ _ _ _ _ _ _ _ _ _ _ _ _ _ _ _ _ _ _ _ _ _ _ _ _ _ _ _ _ _ _ _ _ _ _ _ _ _ _ _ _ _ _ _ _ _ _ _ _ _ _ _ _ _ _ _ _ _ _ _ _ _ _ _ _ _ _ _ _ _ _ _ \npage\\tpshop_page.py:41: in click_login\n    toast_element = self.WebDriverWait(5, self.Toast)\nbase\\base_action.py:25: in WebDriverWait\n    WebDriverWait(self.driver, timeout, poll_frequency).until(lambda x: x.find_element(by=loc[0], value=loc[1]))\n_ _ _ _ _ _ _ _ _ _ _ _ _ _ _ _ _ _ _ _ _ _ _ _ _ _ _ _ _ _ _ _ _ _ _ _ _ _ _ _ _ _ _ _ _ _ _ _ _ _ _ _ _ _ _ _ _ _ _ _ _ _ _ _ _ _ _ _ _ _ _ _ _ _ _ _ _ _ _ _ _ _ _ _ \n\nself = <selenium.webdriver.support.wait.WebDriverWait (session=\"170e550f-d964-4d74-ab03-bff57488c23f\")>\nmethod = <function Base_Action.WebDriverWait.<locals>.<lambda> at 0x000002437E663E50>, message = ''\n\n    def until(self, method, message=''):\n        \"\"\"Calls the method provided with the driver as an argument until the \\\n        return value is not False.\"\"\"\n        screen = None\n        stacktrace = None\n    \n        end_time = time.time() + self._timeout\n        while True:\n            try:\n                value = method(self._driver)\n                if value:\n                    return value\n            except self._ignored_exceptions as exc:\n                screen = getattr(exc, 'screen', None)\n                stacktrace = getattr(exc, 'stacktrace', None)\n            time.sleep(self._poll)\n            if time.time() > end_time:\n                break\n>       raise TimeoutException(message, screen, stacktrace)\nE       selenium.common.exceptions.TimeoutException: Message:\n\ne:\\python3.8\\lib\\site-packages\\selenium\\webdriver\\support\\wait.py:80: TimeoutException"}, "parameters": [{"name": "username", "value": "'13661741008'"}, {"name": "password", "value": "'kR9ODkguRA'"}], "start": 1594527724694, "stop": 1594527739135, "uuid": "e74295bb-e73e-402e-baa7-9914f8cad69d", "historyId": "3226dcd60a41b60d67fcc6802a7396be", "testCaseId": "8ce2edbb4d3f11acca29596f7aaac53c", "fullName": "scripts.test_tpshop.TestTPshop#test_login", "labels": [{"name": "parentSuite", "value": "scripts"}, {"name": "suite", "value": "test_tpshop"}, {"name": "subSuite", "value": "TestTPshop"}, {"name": "host", "value": "LAPTOP-7ES49RD3"}, {"name": "thread", "value": "16784-MainThread"}, {"name": "framework", "value": "pytest"}, {"name": "language", "value": "cpython3"}, {"name": "package", "value": "scripts.test_tpshop"}]}